<?xml version="1.0" encoding="UTF-8"?>
<!-- Generated by org.testng.reporters.JUnitReportReporter -->
<testsuite hostname="VDI-W10-Quar-27" failures="0" tests="1" name="com.test.user.AllScenarios" time="918.526" errors="0" timestamp="2022-12-08T08:54:24 CST" skipped="0">
  <testcase classname="com.test.user.AllScenarios" name="RUNALL" time="918.526"/>
  <system-out/>
</testsuite> <!-- com.test.user.AllScenarios -->
